2020-07-07 14:32:01.323 - Info	
Packing C:\Users\keiji\Documents\GitHub\D365ConnectionViewerPCF\Solutions\obj\Debug\Metadata to bin\Debug\Solutions.zip

2020-07-07 14:32:01.338 - Info	Processing Component: Entities
2020-07-07 14:32:01.354 - Info	Processing Component: Roles
2020-07-07 14:32:01.354 - Info	Processing Component: Workflows
2020-07-07 14:32:01.354 - Info	Processing Component: FieldSecurityProfiles
2020-07-07 14:32:01.354 - Info	Processing Component: Templates
2020-07-07 14:32:01.354 - Info	Processing Component: EntityMaps
2020-07-07 14:32:01.354 - Info	Processing Component: EntityRelationships
2020-07-07 14:32:01.369 - Info	Processing Component: OrganizationSettings
2020-07-07 14:32:01.369 - Info	Processing Component: optionsets
2020-07-07 14:32:01.369 - Info	Processing Component: CustomControls
2020-07-07 14:32:01.385 - Info	 - CV.ConnectionViewerComponent
2020-07-07 14:32:01.432 - Info	Processing Component: SolutionPluginAssemblies
2020-07-07 14:32:01.432 - Info	Processing Component: EntityDataProviders
2020-07-07 14:32:01.448 - Info	
Managed Pack complete.

2020-07-07 14:43:16.467 - Info	
Packing C:\Users\keiji\Documents\GitHub\D365ConnectionViewerPCF\Solutions\obj\Debug\Metadata to bin\Debug\Solutions.zip

2020-07-07 14:43:16.482 - Info	Processing Component: Entities
2020-07-07 14:43:16.482 - Info	Processing Component: Roles
2020-07-07 14:43:16.482 - Info	Processing Component: Workflows
2020-07-07 14:43:16.482 - Info	Processing Component: FieldSecurityProfiles
2020-07-07 14:43:16.482 - Info	Processing Component: Templates
2020-07-07 14:43:16.482 - Info	Processing Component: EntityMaps
2020-07-07 14:43:16.482 - Info	Processing Component: EntityRelationships
2020-07-07 14:43:16.498 - Info	Processing Component: OrganizationSettings
2020-07-07 14:43:16.498 - Info	Processing Component: optionsets
2020-07-07 14:43:16.498 - Info	Processing Component: CustomControls
2020-07-07 14:43:16.513 - Info	 - CV.ConnectionViewerComponent
2020-07-07 14:43:16.576 - Info	Processing Component: SolutionPluginAssemblies
2020-07-07 14:43:16.576 - Info	Processing Component: EntityDataProviders
2020-07-07 14:43:16.592 - Info	
Managed Pack complete.

2020-07-07 14:54:55.545 - Info	
Packing C:\Users\keiji\Documents\GitHub\D365ConnectionViewerPCF\Solutions\obj\Debug\Metadata to bin\Debug\Solutions.zip

2020-07-07 14:54:55.576 - Info	Processing Component: Entities
2020-07-07 14:54:55.576 - Info	Processing Component: Roles
2020-07-07 14:54:55.576 - Info	Processing Component: Workflows
2020-07-07 14:54:55.576 - Info	Processing Component: FieldSecurityProfiles
2020-07-07 14:54:55.576 - Info	Processing Component: Templates
2020-07-07 14:54:55.576 - Info	Processing Component: EntityMaps
2020-07-07 14:54:55.576 - Info	Processing Component: EntityRelationships
2020-07-07 14:54:55.592 - Info	Processing Component: OrganizationSettings
2020-07-07 14:54:55.592 - Info	Processing Component: optionsets
2020-07-07 14:54:55.592 - Info	Processing Component: CustomControls
2020-07-07 14:54:55.608 - Info	 - CV.ConnectionViewerComponent
2020-07-07 14:54:55.639 - Info	Processing Component: SolutionPluginAssemblies
2020-07-07 14:54:55.639 - Info	Processing Component: EntityDataProviders
2020-07-07 14:54:55.654 - Info	
Managed Pack complete.

2020-07-07 16:21:43.095 - Info	
Packing C:\Users\keiji\Documents\GitHub\D365ConnectionViewerPCF\Solutions\obj\Debug\Metadata to bin\Debug\Solutions.zip

2020-07-07 16:21:43.118 - Info	Processing Component: Entities
2020-07-07 16:21:43.121 - Info	Processing Component: Roles
2020-07-07 16:21:43.123 - Info	Processing Component: Workflows
2020-07-07 16:21:43.124 - Info	Processing Component: FieldSecurityProfiles
2020-07-07 16:21:43.124 - Info	Processing Component: Templates
2020-07-07 16:21:43.125 - Info	Processing Component: EntityMaps
2020-07-07 16:21:43.125 - Info	Processing Component: EntityRelationships
2020-07-07 16:21:43.136 - Info	Processing Component: OrganizationSettings
2020-07-07 16:21:43.137 - Info	Processing Component: optionsets
2020-07-07 16:21:43.137 - Info	Processing Component: CustomControls
2020-07-07 16:21:43.155 - Info	 - CV.ConnectionViewerComponent
2020-07-07 16:21:43.201 - Info	Processing Component: SolutionPluginAssemblies
2020-07-07 16:21:43.203 - Info	Processing Component: EntityDataProviders
2020-07-07 16:21:43.221 - Info	
Managed Pack complete.

2020-07-07 16:28:12.646 - Info	
Packing C:\Users\keiji\Documents\GitHub\D365ConnectionViewerPCF\Solutions\obj\Debug\Metadata to bin\Debug\Solutions.zip

2020-07-07 16:28:12.661 - Info	Processing Component: Entities
2020-07-07 16:28:12.677 - Info	Processing Component: Roles
2020-07-07 16:28:12.677 - Info	Processing Component: Workflows
2020-07-07 16:28:12.677 - Info	Processing Component: FieldSecurityProfiles
2020-07-07 16:28:12.677 - Info	Processing Component: Templates
2020-07-07 16:28:12.677 - Info	Processing Component: EntityMaps
2020-07-07 16:28:12.677 - Info	Processing Component: EntityRelationships
2020-07-07 16:28:12.677 - Info	Processing Component: OrganizationSettings
2020-07-07 16:28:12.677 - Info	Processing Component: optionsets
2020-07-07 16:28:12.677 - Info	Processing Component: CustomControls
2020-07-07 16:28:12.693 - Info	 - CV.ConnectionViewerComponent
2020-07-07 16:28:12.724 - Info	Processing Component: SolutionPluginAssemblies
2020-07-07 16:28:12.724 - Info	Processing Component: EntityDataProviders
2020-07-07 16:28:12.755 - Info	
Managed Pack complete.

